Added Component: Designator=R17(R0805)
Add component. Clean all parameters for all variants
Add component (AddParameter): Name = ""; Value = ""; VariantName = "[No Variations]"
Added Component: Designator=R18(R0805)
Add component. Clean all parameters for all variants
Add component (AddParameter): Name = ""; Value = ""; VariantName = "[No Variations]"
Added Component: Designator=R19(R0805)
Add component. Clean all parameters for all variants
Add component (AddParameter): Name = ""; Value = ""; VariantName = "[No Variations]"
Added Component: Designator=R20(R0805)
Add component. Clean all parameters for all variants
Add component (AddParameter): Name = ""; Value = ""; VariantName = "[No Variations]"
Added Component: Designator=R21(R0805)
Add component. Clean all parameters for all variants
Add component (AddParameter): Name = ""; Value = ""; VariantName = "[No Variations]"
Added Component: Designator=R22(R0805)
Add component. Clean all parameters for all variants
Add component (AddParameter): Name = ""; Value = ""; VariantName = "[No Variations]"
Added Pin To Net: NetName=+5 Pin=R17-1
Added Pin To Net: NetName=SS1 Pin=R17-2
Added Pin To Net: NetName=+5 Pin=R18-1
Added Pin To Net: NetName=SS2 Pin=R18-2
Added Pin To Net: NetName=+5 Pin=R19-1
Added Pin To Net: NetName=SS3 Pin=R19-2
Added Pin To Net: NetName=+5 Pin=R20-1
Added Pin To Net: NetName=SS4 Pin=R20-2
Added Pin To Net: NetName=+5 Pin=R21-1
Added Pin To Net: NetName=SS5 Pin=R21-2
Added Pin To Net: NetName=+5 Pin=R22-1
Added Pin To Net: NetName=SS6 Pin=R22-2
Added Member To Class: ClassName=Hub Member=Component R17 4.7k
Added Member To Class: ClassName=Hub Member=Component R18 4.7k
Added Member To Class: ClassName=Hub Member=Component R19 4.7k
Added Member To Class: ClassName=Hub Member=Component R20 4.7k
Added Member To Class: ClassName=Hub Member=Component R21 4.7k
Added Member To Class: ClassName=Hub Member=Component R22 4.7k
Added Room: Name=Hub
