Removed Pin From Net: NetName=SS3 Pin=P1-7
Removed Pin From Net: NetName=SS4 Pin=P1-8
Removed Pin From Net: NetName=SS2 Pin=P1-9
Removed Pin From Net: NetName=SS5 Pin=P1-10
Removed Pin From Net: NetName=SS1 Pin=P1-11
Removed Pin From Net: NetName=SS6 Pin=P1-12
Removed Pin From Net: NetName=EN Pin=U1-6
Removed Pin From Net: NetName=EN Pin=U2-6
Change Component Footprint: Designator=P1 Old Footprint=HDR2X6 New Footprint=HDR2X7
Change Component Comment : Designator=P1 Old Comment=Header 6X2 New Comment=Header 7X2
Added Pin To Net: NetName=SS3 Pin=P1-9
Added Pin To Net: NetName=SS4 Pin=P1-10
Added Pin To Net: NetName=SS2 Pin=P1-11
Added Pin To Net: NetName=SS5 Pin=P1-12
Added Pin To Net: NetName=SS1 Pin=P1-13
Added Pin To Net: NetName=SS6 Pin=P1-14
Added Pin To Net: NetName=EN1 Pin=P1-7
Added Pin To Net: NetName=EN1 Pin=U1-6
Added Net: Name=EN1
Added Pin To Net: NetName=EN2 Pin=P1-8
Added Pin To Net: NetName=EN2 Pin=U2-6
Added Net: Name=EN2
Added Room: Name=Hub
