Added Component: Designator=D1(3.5X2.8X1.9)
Add component. Clean all parameters for all variants
Add component (AddParameter): Name = "DatasheetVersion"; Value = "16-Apr-2002"; VariantName = "[No Variations]"
Add component (AddParameter): Name = "LatestRevisionDate"; Value = "17-Dec-2003"; VariantName = "[No Variations]"
Add component (AddParameter): Name = "LatestRevisionNote"; Value = "PCB Footprint replaced."; VariantName = "[No Variations]"
Add component (AddParameter): Name = "PackageDescription"; Value = "SM LED; 2 C-Bend Leads; Body 3.5 x 2.8 x 1.9 mm, inc leads (LxWxH typ)"; VariantName = "[No Variations]"
Add component (AddParameter): Name = "PackageReference"; Value = "3.5X2.8X1.9"; VariantName = "[No Variations]"
Add component (AddParameter): Name = "PackageVersion"; Value = "16-Apr-2002"; VariantName = "[No Variations]"
Add component (AddParameter): Name = "Published"; Value = "8-Jun-2000"; VariantName = "[No Variations]"
Add component (AddParameter): Name = "Publisher"; Value = "Altium Limited"; VariantName = "[No Variations]"
Added Component: Designator=R1(R0805)
Add component. Clean all parameters for all variants
Add component (AddParameter): Name = ""; Value = ""; VariantName = "[No Variations]"
Added Component: Designator=R2(R0805)
Add component. Clean all parameters for all variants
Add component (AddParameter): Name = ""; Value = ""; VariantName = "[No Variations]"
Added Component: Designator=R3(R0805)
Add component. Clean all parameters for all variants
Add component (AddParameter): Name = ""; Value = ""; VariantName = "[No Variations]"
Added Component: Designator=R4(R0805)
Add component. Clean all parameters for all variants
Add component (AddParameter): Name = ""; Value = ""; VariantName = "[No Variations]"
Added Component: Designator=R5(R0805)
Add component. Clean all parameters for all variants
Add component (AddParameter): Name = ""; Value = ""; VariantName = "[No Variations]"
Added Component: Designator=S1(DIP-8)
Add component. Clean all parameters for all variants
Add component (AddParameter): Name = "LatestRevisionDate"; Value = "17-Jul-2002"; VariantName = "[No Variations]"
Add component (AddParameter): Name = "LatestRevisionNote"; Value = "Re-released for DXP Platform."; VariantName = "[No Variations]"
Add component (AddParameter): Name = "PackageReference"; Value = "DIP-8"; VariantName = "[No Variations]"
Add component (AddParameter): Name = "Published"; Value = "24-Mar-1999"; VariantName = "[No Variations]"
Add component (AddParameter): Name = "Publisher"; Value = "Altium Limited"; VariantName = "[No Variations]"
Added Pin To Net: NetName=SS Pin=D1-1
Added Pin To Net: NetName=SS Pin=R1-1
Added Pin To Net: NetName=+5 Pin=R2-2
Added Pin To Net: NetName=+5 Pin=R3-2
Added Pin To Net: NetName=+5 Pin=R4-2
Added Pin To Net: NetName=+5 Pin=R5-2
Added Pin To Net: NetName=+5 Pin=S1-5
Added Pin To Net: NetName=+5 Pin=S1-6
Added Pin To Net: NetName=+5 Pin=S1-7
Added Pin To Net: NetName=+5 Pin=S1-8
Added Net: Name=+5
Added Pin To Net: NetName=IDS1 Pin=C?-60
Added Pin To Net: NetName=IDS1 Pin=R2-1
Added Pin To Net: NetName=IDS1 Pin=S1-1
Added Net: Name=IDS1
Added Pin To Net: NetName=IDS2 Pin=C?-61
Added Pin To Net: NetName=IDS2 Pin=R3-1
Added Pin To Net: NetName=IDS2 Pin=S1-2
Added Net: Name=IDS2
Added Pin To Net: NetName=IDS3 Pin=C?-62
Added Pin To Net: NetName=IDS3 Pin=R4-1
Added Pin To Net: NetName=IDS3 Pin=S1-3
Added Net: Name=IDS3
Added Pin To Net: NetName=IDS4 Pin=C?-63
Added Pin To Net: NetName=IDS4 Pin=R5-1
Added Pin To Net: NetName=IDS4 Pin=S1-4
Added Net: Name=IDS4
Added Pin To Net: NetName=NetD1_2 Pin=D1-2
Added Pin To Net: NetName=NetD1_2 Pin=R1-2
Added Net: Name=NetD1_2
Added Member To Class: ClassName=Unit Member=Component D1 LED3
Added Member To Class: ClassName=Unit Member=Component R1 0.33k
Added Member To Class: ClassName=Unit Member=Component R2 10k
Added Member To Class: ClassName=Unit Member=Component R3 10k
Added Member To Class: ClassName=Unit Member=Component R4 10k
Added Member To Class: ClassName=Unit Member=Component R5 10k
Added Member To Class: ClassName=Unit Member=Component S1 SW-DIP4
Added Room: Name=Unit
