Added Component: Designator=C?(Mega 2560 mini)
Add component. Clean all parameters for all variants
Added Component: Designator=J1(15-43-6233)
Add component. Clean all parameters for all variants
Add component (AddParameter): Name = "ComponentAvailability"; Value = "Obsolete"; VariantName = "[No Variations]"
Add component (AddParameter): Name = "ComponentLink1Description"; Value = "Manufacturer Link"; VariantName = "[No Variations]"
Add component (AddParameter): Name = "ComponentLink1URL"; Value = "http://www.molex.com/"; VariantName = "[No Variations]"
Add component (AddParameter): Name = "ComponentLink2Description"; Value = "Datasheet"; VariantName = "[No Variations]"
Add component (AddParameter): Name = "ComponentLink2URL"; Value = "http://www.molex.com/cmc_upload/common_files/1212003_catalogmx41314.pdf"; VariantName = "[No Variations]"
Add component (AddParameter): Name = "ComponentLink3Description"; Value = "Iges Model"; VariantName = "[No Variations]"
Add component (AddParameter): Name = "ComponentLink3URL"; Value = "http://www.molex.com/pdm_docs/igs/15-43-6233_igs.zip"; VariantName = "[No Variations]"
Add component (AddParameter): Name = "DatasheetDocument"; Value = "18-Dec-2001"; VariantName = "[No Variations]"
Add component (AddParameter): Name = "DrillSize"; Value = "Nominal, Rounded to nearest 0.05mm"; VariantName = "[No Variations]"
Add component (AddParameter): Name = "PackageDocument"; Value = "18-Dec-2001"; VariantName = "[No Variations]"
Add component (AddParameter): Name = "PackageReference"; Value = "15-43-6233"; VariantName = "[No Variations]"
Add component (AddParameter): Name = "PCB_Layout"; Value = "Complies with Manufacturer's Recommendation."; VariantName = "[No Variations]"
Add component (AddParameter): Name = "PCB_Mounting"; Value = "Thru-Hole"; VariantName = "[No Variations]"
Add component (AddParameter): Name = "PerformanceCategory"; Value = "3"; VariantName = "[No Variations]"
Add component (AddParameter): Name = "Ports"; Value = "1"; VariantName = "[No Variations]"
Add component (AddParameter): Name = "Positions/Loaded"; Value = "Port1 - 8 Keyed/8"; VariantName = "[No Variations]"
Add component (AddParameter): Name = "Published"; Value = "25-Jun-2002"; VariantName = "[No Variations]"
Add component (AddParameter): Name = "Publisher"; Value = "Altium Limited"; VariantName = "[No Variations]"
Added Pin To Net: NetName=MISO Pin=C?-85
Added Pin To Net: NetName=MISO Pin=C?-85
Added Pin To Net: NetName=MISO Pin=J1-4
Added Net: Name=MISO
Added Pin To Net: NetName=MOSI Pin=C?-86
Added Pin To Net: NetName=MOSI Pin=C?-86
Added Pin To Net: NetName=MOSI Pin=J1-2
Added Net: Name=MOSI
Added Pin To Net: NetName=SCLK Pin=C?-87
Added Pin To Net: NetName=SCLK Pin=C?-87
Added Pin To Net: NetName=SCLK Pin=J1-6
Added Net: Name=SCLK
Added Pin To Net: NetName=SS Pin=C?-88
Added Pin To Net: NetName=SS Pin=J1-8
Added Net: Name=SS
Added Class: Name=Unit
Added Room: Name=Unit
